<?xml version="1.0" encoding="UTF-8" ?>
<testsuite errors="1" failures="0" hostname="Sevas-MacBook-Air.local" name="cardgame.PlayerTest" tests="1" time="0.078" timestamp="2013-11-25T14:05:53">
  <properties>
    <property name="default.javac.source" value="1.7" />
    <property name="file.encoding.pkg" value="sun.io" />
    <property name="javac.source" value="1.7" />
    <property name="testng.debug.mode" value="" />
    <property name="java.home" value="/Library/Java/JavaVirtualMachines/jdk1.7.0_45.jdk/Contents/Home/jre" />
    <property name="libs.eclipselinkmodelgen.classpath" value="/Applications/NetBeans/NetBeans 7.4.app/Contents/Resources/NetBeans/java/modules/ext/eclipselink/org.eclipse.persistence.jpa.modelgen_2.5.0.v20130507-3faac2b.jar" />
    <property name="test.src.dir" value="test" />
    <property name="libs.JAXB-ENDORSED.javadoc" value="" />
    <property name="libs.jaxws21.src" value="" />
    <property name="javadoc.version" value="false" />
    <property name="libs.CopyLibs.classpath" value="/Applications/NetBeans/NetBeans 7.4.app/Contents/Resources/NetBeans/java/ant/extra/org-netbeans-modules-java-j2seproject-copylibstask.jar" />
    <property name="libs.javac-api.src" value="" />
    <property name="java.endorsed.dirs" value="/Library/Java/JavaVirtualMachines/jdk1.7.0_45.jdk/Contents/Home/jre/lib/endorsed" />
    <property name="libs.MySQLDriver.classpath" value="/Applications/NetBeans/NetBeans 7.4.app/Contents/Resources/NetBeans/ide/modules/ext/mysql-connector-java-5.1.23-bin.jar" />
    <property name="libs.jaxb.javadoc" value="/Applications/NetBeans/NetBeans 7.4.app/Contents/Resources/NetBeans/ide/docs/jaxb-api-doc.zip" />
    <property name="libs.junit.maven-pom" value="" />
    <property name="libs.PostgreSQLDriver.src" value="" />
    <property name="src.dir" value="src" />
    <property name="debug-args-line" value="-Xdebug" />
    <property name="build.sysclasspath" value="ignore" />
    <property name="have.sources" value="true" />
    <property name="includes" value="**" />
    <property name="javac.fork" value="false" />
    <property name="source.encoding" value="UTF-8" />
    <property name="libs.jaxws21.classpath" value="/Applications/NetBeans/NetBeans 7.4.app/Contents/Resources/NetBeans/ide/modules/ext/jaxb/jaxb-impl.jar:/Applications/NetBeans/NetBeans 7.4.app/Contents/Resources/NetBeans/ide/modules/ext/jaxb/jaxb-xjc.jar:/Applications/NetBeans/NetBeans 7.4.app/Contents/Resources/NetBeans/java/modules/ext/jaxws22/FastInfoset.jar:/Applications/NetBeans/NetBeans 7.4.app/Contents/Resources/NetBeans/java/modules/ext/jaxws22/gmbal-api-only.jar:/Applications/NetBeans/NetBeans 7.4.app/Contents/Resources/NetBeans/java/modules/ext/jaxws22/ha-api.jar:/Applications/NetBeans/NetBeans 7.4.app/Contents/Resources/NetBeans/java/modules/ext/jaxws22/javax.mail_1.4.jar:/Applications/NetBeans/NetBeans 7.4.app/Contents/Resources/NetBeans/java/modules/ext/jaxws22/jaxws-rt.jar:/Applications/NetBeans/NetBeans 7.4.app/Contents/Resources/NetBeans/java/modules/ext/jaxws22/jaxws-tools.jar:/Applications/NetBeans/NetBeans 7.4.app/Contents/Resources/NetBeans/java/modules/ext/jaxws22/management-api.jar:/Applications/NetBeans/NetBeans 7.4.app/Contents/Resources/NetBeans/java/modules/ext/jaxws22/mimepull.jar:/Applications/NetBeans/NetBeans 7.4.app/Contents/Resources/NetBeans/java/modules/ext/jaxws22/policy.jar:/Applications/NetBeans/NetBeans 7.4.app/Contents/Resources/NetBeans/java/modules/ext/jaxws22/saaj-impl.jar:/Applications/NetBeans/NetBeans 7.4.app/Contents/Resources/NetBeans/java/modules/ext/jaxws22/stax-ex.jar:/Applications/NetBeans/NetBeans 7.4.app/Contents/Resources/NetBeans/java/modules/ext/jaxws22/stax2-api.jar:/Applications/NetBeans/NetBeans 7.4.app/Contents/Resources/NetBeans/java/modules/ext/jaxws22/streambuffer.jar:/Applications/NetBeans/NetBeans 7.4.app/Contents/Resources/NetBeans/java/modules/ext/jaxws22/woodstox-core-asl.jar:/Applications/NetBeans/NetBeans 7.4.app/Contents/Resources/NetBeans/java/modules/ext/jaxws22/api/jaxws-api.jar:/Applications/NetBeans/NetBeans 7.4.app/Contents/Resources/NetBeans/java/modules/ext/jaxws22/api/jsr181-api.jar:/Applications/NetBeans/NetBeans 7.4.app/Contents/Resources/NetBeans/java/modules/ext/jaxws22/api/javax.annotation.jar:/Applications/NetBeans/NetBeans 7.4.app/Contents/Resources/NetBeans/java/modules/ext/jaxws22/api/saaj-api.jar:/Applications/NetBeans/NetBeans 7.4.app/Contents/Resources/NetBeans/ide/modules/ext/jaxb/activation.jar:/Applications/NetBeans/NetBeans 7.4.app/Contents/Resources/NetBeans/ide/modules/ext/jaxb/api/jaxb-api.jar:/Applications/NetBeans/NetBeans 7.4.app/Contents/Resources/NetBeans/ide/modules/ext/jaxb/api/jsr173_1.0_api.jar" />
    <property name="sun.os.patch.level" value="unknown" />
    <property name="java.vendor.url" value="http://java.oracle.com/" />
    <property name="java.version" value="1.7.0_45" />
    <property name="libs.testng.src" value="" />
    <property name="javac.debug" value="true" />
    <property name="libs.JAXB-ENDORSED.classpath" value="/Applications/NetBeans/NetBeans 7.4.app/Contents/Resources/NetBeans/ide/modules/ext/jaxb/api/jaxb-api.jar" />
    <property name="run.classpath" value=":build/classes" />
    <property name="libs.PostgreSQLDriver.maven-pom" value="" />
    <property name="java.vendor.url.bug" value="http://bugreport.sun.com/bugreport/" />
    <property name="libs.hibernate-persistencemodelgen.classpath" value="/Applications/NetBeans/NetBeans 7.4.app/Contents/Resources/NetBeans/java/modules/ext/hibernate/hibernate-jpamodelgen-1.1.1.Final.jar" />
    <property name="libs.eclipselink.javadoc" value="" />
    <property name="libs.absolutelayout.javadoc" value="" />
    <property name="libs.junit_4.maven-pom" value="" />
    <property name="ant.project.invoked-targets" value="test" />
    <property name="annotation.processing.run.all.processors" value="true" />
    <property name="manifest.file" value="manifest.mf" />
    <property name="ant.file.type.CardGame-impl" value="file" />
    <property name="user.name" value="sevabaskin" />
    <property name="libs.testng.maven-pom" value="" />
    <property name="libs.eclipselinkmodelgen.src" value="" />
    <property name="empty.dir" value="/Users/sevabaskin/Dropbox/2nd Year/Java/CW2/CardGame/build/empty" />
    <property name="sun.io.unicode.encoding" value="UnicodeBig" />
    <property name="sun.jnu.encoding" value="UTF-8" />
    <property name="java.runtime.name" value="Java(TM) SE Runtime Environment" />
    <property name="main.class.available" value="true" />
    <property name="java.specification.name" value="Java Platform API Specification" />
    <property name="javadoc.author" value="false" />
    <property name="libs.hibernate-support.javadoc" value="" />
    <property name="ap.proc.none.internal" value="" />
    <property name="ftp.nonProxyHosts" value="local|*.local|169.254/16|*.169.254/16" />
    <property name="user.timezone" value="" />
    <property name="manifest.available" value="true" />
    <property name="libs.spring-framework.maven-pom" value="" />
    <property name="libs.swing-layout.maven-pom" value="" />
    <property name="libs.junit.javadoc" value="/Applications/NetBeans/NetBeans 7.4.app/Contents/Resources/NetBeans/java/docs/junit-3.8.2-api.zip" />
    <property name="path.separator" value=":" />
    <property name="testng.mode" value="testng" />
    <property name="version-output" value="java version &quot;1.7" />
    <property name="libs.ejb3-persistence.src" value="" />
    <property name="libs.absolutelayout.classpath" value="/Applications/NetBeans/NetBeans 7.4.app/Contents/Resources/NetBeans/java/modules/ext/AbsoluteLayout.jar" />
    <property name="libs.jaxb.maven-pom" value="" />
    <property name="file.encoding" value="UTF-8" />
    <property name="libs.eclipselink.src" value="" />
    <property name="dist.javadoc.dir" value="dist/javadoc" />
    <property name="ant.project.default-target" value="default" />
    <property name="javac.profile.cmd.line.arg" value="" />
    <property name="libs.JAXB-ENDORSED.src" value="" />
    <property name="libs.hibernate-persistence.javadoc" value="" />
    <property name="libs.ejb3-persistence.classpath" value="/Applications/NetBeans/NetBeans 7.4.app/Contents/Resources/NetBeans/java/modules/ext/hibernate/hibernate-jpa-2.0-api-1.0.1.Final.jar" />
    <property name="sun.java.command" value="org.apache.tools.ant.taskdefs.optional.junit.JUnitTestRunner cardgame.PlayerTest filtertrace=true haltOnError=false haltOnFailure=false showoutput=true outputtoformatters=true logfailedtests=true logtestlistenerevents=false formatter=org.apache.tools.ant.taskdefs.optional.junit.BriefJUnitResultFormatter formatter=org.apache.tools.ant.taskdefs.optional.junit.XMLJUnitResultFormatter,/Users/sevabaskin/Dropbox/2nd Year/Java/CW2/CardGame/build/test/results/TEST-cardgame.PlayerTest.xml crashfile=/Users/sevabaskin/Dropbox/2nd Year/Java/CW2/CardGame/build/junitvmwatcher1013300042160811664.properties propsfile=/Users/sevabaskin/Dropbox/2nd Year/Java/CW2/CardGame/build/junit6158423399936351402.properties" />
    <property name="built-jar.properties" value="/Users/sevabaskin/Dropbox/2nd Year/Java/CW2/CardGame/build/built-jar.properties" />
    <property name="libs.junit.src" value="" />
    <property name="socksNonProxyHosts" value="local|*.local|169.254/16|*.169.254/16" />
    <property name="ant.file" value="/Users/sevabaskin/Dropbox/2nd Year/Java/CW2/CardGame/build.xml" />
    <property name="libs.hibernate-persistencemodelgen.javadoc" value="" />
    <property name="libs.junit_4.src" value="/Applications/NetBeans/NetBeans 7.4.app/Contents/Resources/NetBeans/java/docs/junit-4.10-sources.jar" />
    <property name="junit.available" value="true" />
    <property name="java.io.tmpdir" value="/var/folders/jz/pvg5pnrx4ks6xvp6bkmr1zzh0000gn/T/" />
    <property name="build.test.results.dir" value="build/test/results" />
    <property name="user.language" value="en" />
    <property name="libs.jpa20-persistence.classpath" value="/Applications/NetBeans/NetBeans 7.4.app/Contents/Resources/NetBeans/java/modules/ext/eclipselink/javax.persistence_2.1.0.v201304241213.jar" />
    <property name="libs.spring-framework300.src" value="" />
    <property name="line.separator" value="&#xa;" />
    <property name="libs.absolutelayout.src" value="" />
    <property name="javac.compilerargs" value="" />
    <property name="ant.file.type" value="file" />
    <property name="libs.hibernate-support.maven-pom" value="" />
    <property name="jar.compress" value="false" />
    <property name="debug-transport-by-os" value="dt_socket" />
    <property name="libs.JWSAntTasks.src" value="" />
    <property name="libs.hibernate-persistence.maven-pom" value="" />
    <property name="java.vm.info" value="mixed mode" />
    <property name="libs.javac-api.maven-pom" value="" />
    <property name="javadoc.private" value="false" />
    <property name="annotation.processing.processors.list" value="" />
    <property name="build.test.classes.dir" value="build/test/classes" />
    <property name="java.vm.specification.name" value="Java Virtual Machine Specification" />
    <property name="ant.file.CardGame" value="/Users/sevabaskin/Dropbox/2nd Year/Java/CW2/CardGame/build.xml" />
    <property name="libs.jaxb.src" value="" />
    <property name="libs.MySQLDriver.javadoc" value="" />
    <property name="test.binaryexcludes" value="" />
    <property name="libs.beans-binding.javadoc" value="/Applications/NetBeans/NetBeans 7.4.app/Contents/Resources/NetBeans/java/docs/beansbinding-1.2.1-doc.zip" />
    <property name="platform.active" value="default_platform" />
    <property name="ap.cmd.line.internal" value="" />
    <property name="jdkBug6558476" value="false" />
    <property name="libs.spring-framework300.classpath" value="/Applications/NetBeans/NetBeans 7.4.app/Contents/Resources/NetBeans/ide/modules/org-apache-commons-logging.jar:/Applications/NetBeans/NetBeans 7.4.app/Contents/Resources/NetBeans/java/modules/ext/cglib-2.2.jar:/Applications/NetBeans/NetBeans 7.4.app/Contents/Resources/NetBeans/java/modules/ext/spring-3.0/spring-aop-3.2.3.RELEASE.jar:/Applications/NetBeans/NetBeans 7.4.app/Contents/Resources/NetBeans/java/modules/ext/spring-3.0/spring-aspects-3.2.3.RELEASE.jar:/Applications/NetBeans/NetBeans 7.4.app/Contents/Resources/NetBeans/java/modules/ext/spring-3.0/spring-beans-3.2.3.RELEASE.jar:/Applications/NetBeans/NetBeans 7.4.app/Contents/Resources/NetBeans/java/modules/ext/spring-3.0/spring-build-src-3.2.3.RELEASE.jar:/Applications/NetBeans/NetBeans 7.4.app/Contents/Resources/NetBeans/java/modules/ext/spring-3.0/spring-context-3.2.3.RELEASE.jar:/Applications/NetBeans/NetBeans 7.4.app/Contents/Resources/NetBeans/java/modules/ext/spring-3.0/spring-context-support-3.2.3.RELEASE.jar:/Applications/NetBeans/NetBeans 7.4.app/Contents/Resources/NetBeans/java/modules/ext/spring-3.0/spring-core-3.2.3.RELEASE.jar:/Applications/NetBeans/NetBeans 7.4.app/Contents/Resources/NetBeans/java/modules/ext/spring-3.0/spring-expression-3.2.3.RELEASE.jar:/Applications/NetBeans/NetBeans 7.4.app/Contents/Resources/NetBeans/java/modules/ext/spring-3.0/spring-instrument-3.2.3.RELEASE.jar:/Applications/NetBeans/NetBeans 7.4.app/Contents/Resources/NetBeans/java/modules/ext/spring-3.0/spring-instrument-tomcat-3.2.3.RELEASE.jar:/Applications/NetBeans/NetBeans 7.4.app/Contents/Resources/NetBeans/java/modules/ext/spring-3.0/spring-jdbc-3.2.3.RELEASE.jar:/Applications/NetBeans/NetBeans 7.4.app/Contents/Resources/NetBeans/java/modules/ext/spring-3.0/spring-jms-3.2.3.RELEASE.jar:/Applications/NetBeans/NetBeans 7.4.app/Contents/Resources/NetBeans/java/modules/ext/spring-3.0/spring-orm-3.2.3.RELEASE.jar:/Applications/NetBeans/NetBeans 7.4.app/Contents/Resources/NetBeans/java/modules/ext/spring-3.0/spring-oxm-3.2.3.RELEASE.jar:/Applications/NetBeans/NetBeans 7.4.app/Contents/Resources/NetBeans/java/modules/ext/spring-3.0/spring-struts-3.2.3.RELEASE.jar:/Applications/NetBeans/NetBeans 7.4.app/Contents/Resources/NetBeans/java/modules/ext/spring-3.0/spring-test-3.2.3.RELEASE.jar:/Applications/NetBeans/NetBeans 7.4.app/Contents/Resources/NetBeans/java/modules/ext/spring-3.0/spring-tx-3.2.3.RELEASE.jar:/Applications/NetBeans/NetBeans 7.4.app/Contents/Resources/NetBeans/java/modules/ext/spring-3.0/spring-web-3.2.3.RELEASE.jar:/Applications/NetBeans/NetBeans 7.4.app/Contents/Resources/NetBeans/java/modules/ext/spring-3.0/spring-webmvc-3.2.3.RELEASE.jar:/Applications/NetBeans/NetBeans 7.4.app/Contents/Resources/NetBeans/java/modules/ext/spring-3.0/spring-webmvc-portlet-3.2.3.RELEASE.jar" />
    <property name="http.nonProxyHosts" value="local|*.local|169.254/16|*.169.254/16" />
    <property name="libs.junit_4.javadoc" value="/Applications/NetBeans/NetBeans 7.4.app/Contents/Resources/NetBeans/java/docs/junit-4.10-javadoc.jar" />
    <property name="libs.spring-framework.src" value="" />
    <property name="libs.beans-binding.maven-pom" value="" />
    <property name="do.mkdist" value="true" />
    <property name="javadoc.encoding" value="UTF-8" />
    <property name="java.awt.printerjob" value="sun.lwawt.macosx.CPrinterJob" />
    <property name="ap.processors.internal" value="" />
    <property name="do.archive" value="true" />
    <property name="dist.jar" value="dist/CardGame.jar" />
    <property name="meta.inf.dir" value="src/META-INF" />
    <property name="ant.version" value="Apache Ant(TM) version 1.8.2 compiled on June 16 2012" />
    <property name="javadoc.nonavbar" value="false" />
    <property name="libs.jpa20-persistence.src" value="" />
    <property name="user.country.format" value="GB" />
    <property name="user.properties.file" value="/Users/sevabaskin/Library/Application Support/NetBeans/7.4/build.properties" />
    <property name="libs.JWSAntTasks.classpath" value="/Applications/NetBeans/NetBeans 7.4.app/Contents/Resources/NetBeans/java/ant/extra/org-netbeans-modules-javawebstart-anttasks.jar" />
    <property name="libs.spring-framework.javadoc" value="" />
    <property name="gopherProxySet" value="false" />
    <property name="annotation.processing.source.output" value="build/generated-sources/ap-source-output" />
    <property name="libs.CopyLibs.maven-pom" value="" />
    <property name="build.generated.dir" value="build/generated" />
    <property name="libs.eclipselink.maven-pom" value="" />
    <property name="libs.hibernate-persistencemodelgen.src" value="" />
    <property name="os.name" value="Mac OS X" />
    <property name="java.specification.vendor" value="Oracle Corporation" />
    <property name="run.test.classpath" value=":build/classes:/Applications/NetBeans/NetBeans 7.4.app/Contents/Resources/NetBeans/platform/modules/ext/junit-4.10.jar:build/test/classes" />
    <property name="do.archive+main.class.available" value="true" />
    <property name="java.vm.name" value="Java HotSpot(TM) 64-Bit Server VM" />
    <property name="libs.CopyLibs.src" value="" />
    <property name="libs.junit.classpath" value="/Applications/NetBeans/NetBeans 7.4.app/Contents/Resources/NetBeans/java/modules/ext/junit-3.8.2.jar" />
    <property name="libs.beans-binding.src" value="" />
    <property name="java.library.path" value="/Users/sevabaskin/Library/Java/Extensions:/Library/Java/Extensions:/Network/Library/Java/Extensions:/System/Library/Java/Extensions:/usr/lib/java:." />
    <property name="ap.supported.internal" value="true" />
    <property name="libs.PostgreSQLDriver.javadoc" value="" />
    <property name="libs.eclipselinkmodelgen.maven-pom" value="" />
    <property name="ant.java.version" value="1.7" />
    <property name="javadoc.noindex" value="false" />
    <property name="java.class.version" value="51.0" />
    <property name="basedir" value="/Users/sevabaskin/Dropbox/2nd Year/Java/CW2/CardGame" />
    <property name="javac.test.classpath" value=":build/classes:/Applications/NetBeans/NetBeans 7.4.app/Contents/Resources/NetBeans/platform/modules/ext/junit-4.10.jar" />
    <property name="ant.file.CardGame-impl" value="/Users/sevabaskin/Dropbox/2nd Year/Java/CW2/CardGame/nbproject/build-impl.xml" />
    <property name="javac.processorpath" value="" />
    <property name="ant.home" value="/usr/share/ant" />
    <property name="libs.hibernate-persistence.src" value="" />
    <property name="javadoc.splitindex" value="true" />
    <property name="libs.javac-api.javadoc" value="" />
    <property name="javac.test.processorpath" value=":build/classes:/Applications/NetBeans/NetBeans 7.4.app/Contents/Resources/NetBeans/platform/modules/ext/junit-4.10.jar" />
    <property name="javadoc.preview" value="true" />
    <property name="libs.MySQLDriver.maven-pom" value="" />
    <property name="copylibs.rebase" value="true" />
    <property name="libs.CopyLibs.javadoc" value="" />
    <property name="libs.PostgreSQLDriver.classpath" value="/Applications/NetBeans/NetBeans 7.4.app/Contents/Resources/NetBeans/ide/modules/ext/postgresql-9.2-1002.jdbc4.jar" />
    <property name="junit.forkmode" value="perTest" />
    <property name="libs.jaxws21.maven-pom" value="" />
    <property name="test.binarytestincludes" value="" />
    <property name="libs.junit_4.classpath" value="/Applications/NetBeans/NetBeans 7.4.app/Contents/Resources/NetBeans/platform/modules/ext/junit-4.10.jar" />
    <property name="build.dir" value="build" />
    <property name="sun.boot.library.path" value="/Library/Java/JavaVirtualMachines/jdk1.7.0_45.jdk/Contents/Home/jre/lib" />
    <property name="dist.archive.excludes" value="" />
    <property name="sun.management.compiler" value="HotSpot 64-Bit Tiered Compilers" />
    <property name="libs.ejb3-persistence.javadoc" value="" />
    <property name="java.awt.graphicsenv" value="sun.awt.CGraphicsEnvironment" />
    <property name="libs.testng.classpath" value="/Applications/NetBeans/NetBeans 7.4.app/Contents/Resources/NetBeans/platform/modules/ext/testng-6.8.1-dist.jar" />
    <property name="libs.jpa20-persistence.javadoc" value="" />
    <property name="javadoc.encoding.used" value="UTF-8" />
    <property name="javadoc.windowtitle" value="" />
    <property name="libs.testng.javadoc" value="/Applications/NetBeans/NetBeans 7.4.app/Contents/Resources/NetBeans/platform/docs/testng-6.8.1-javadoc.zip" />
    <property name="libs.hibernate-support.src" value="" />
    <property name="run.jvmargs.ide" value="" />
    <property name="annotation.processing.enabled" value="true" />
    <property name="libs.JAXB-ENDORSED.maven-pom" value="" />
    <property name="libs.hibernate-persistencemodelgen.maven-pom" value="" />
    <property name="nb.junit.single" value="false" />
    <property name="run.jvmargs" value="" />
    <property name="build.generated.sources.dir" value="build/generated-sources" />
    <property name="ant.project.name" value="CardGame" />
    <property name="libs.spring-framework.classpath" value="/Applications/NetBeans/NetBeans 7.4.app/Contents/Resources/NetBeans/ide/modules/org-apache-commons-logging.jar:/Applications/NetBeans/NetBeans 7.4.app/Contents/Resources/NetBeans/java/modules/ext/cglib-2.2.jar:/Applications/NetBeans/NetBeans 7.4.app/Contents/Resources/NetBeans/java/modules/ext/spring/spring-2.5.6.SEC03.jar" />
    <property name="libs.swing-layout.classpath" value="/Applications/NetBeans/NetBeans 7.4.app/Contents/Resources/NetBeans/platform/modules/ext/swing-layout-1.0.4.jar" />
    <property name="java.vm.specification.version" value="1.7" />
    <property name="libs.jaxb.classpath" value="/Applications/NetBeans/NetBeans 7.4.app/Contents/Resources/NetBeans/ide/modules/ext/jaxb/jaxb-impl.jar:/Applications/NetBeans/NetBeans 7.4.app/Contents/Resources/NetBeans/ide/modules/ext/jaxb/jaxb-xjc.jar:/Applications/NetBeans/NetBeans 7.4.app/Contents/Resources/NetBeans/ide/modules/ext/jaxb/jaxb1-impl.jar:/Applications/NetBeans/NetBeans 7.4.app/Contents/Resources/NetBeans/ide/modules/ext/jaxb/activation.jar:/Applications/NetBeans/NetBeans 7.4.app/Contents/Resources/NetBeans/ide/modules/ext/jaxb/api/jaxb-api.jar:/Applications/NetBeans/NetBeans 7.4.app/Contents/Resources/NetBeans/ide/modules/ext/jaxb/api/jsr173_1.0_api.jar" />
    <property name="work.dir" value="/Users/sevabaskin/Dropbox/2nd Year/Java/CW2/CardGame" />
    <property name="awt.toolkit" value="sun.lwawt.macosx.LWCToolkit" />
    <property name="javadoc.use" value="true" />
    <property name="sun.cpu.isalist" value="" />
    <property name="java.ext.dirs" value="/Users/sevabaskin/Library/Java/Extensions:/Library/Java/JavaVirtualMachines/jdk1.7.0_45.jdk/Contents/Home/jre/lib/ext:/Library/Java/Extensions:/Network/Library/Java/Extensions:/System/Library/Java/Extensions:/usr/lib/java" />
    <property name="os.version" value="10.8.5" />
    <property name="excludes" value="" />
    <property name="user.home" value="/Users/sevabaskin" />
    <property name="java.vm.vendor" value="Oracle Corporation" />
    <property name="libs.absolutelayout.maven-pom" value="" />
    <property name="user.dir" value="/Users/sevabaskin/Dropbox/2nd Year/Java/CW2/CardGame" />
    <property name="debug-transport" value="dt_socket" />
    <property name="libs.ejb3-persistence.maven-pom" value="" />
    <property name="application.args" value="" />
    <property name="sun.cpu.endian" value="little" />
    <property name="compile.on.save" value="true" />
    <property name="libs.hibernate-support.classpath" value="/Applications/NetBeans/NetBeans 7.4.app/Contents/Resources/NetBeans/java/modules/ext/hibernate/dom4j-1.6.1.jar:/Applications/NetBeans/NetBeans 7.4.app/Contents/Resources/NetBeans/java/modules/ext/hibernate/antlr-2.7.6.jar:/Applications/NetBeans/NetBeans 7.4.app/Contents/Resources/NetBeans/java/modules/ext/hibernate/cglib-2.2.jar:/Applications/NetBeans/NetBeans 7.4.app/Contents/Resources/NetBeans/java/modules/ext/hibernate/commons-collections-3.1.jar:/Applications/NetBeans/NetBeans 7.4.app/Contents/Resources/NetBeans/java/modules/ext/hibernate/jta-1.1.jar:/Applications/NetBeans/NetBeans 7.4.app/Contents/Resources/NetBeans/java/modules/ext/hibernate/hibernate-core-3.6.10.Final.jar:/Applications/NetBeans/NetBeans 7.4.app/Contents/Resources/NetBeans/java/modules/ext/hibernate/hibernate-commons-annotations-3.2.0.Final.jar:/Applications/NetBeans/NetBeans 7.4.app/Contents/Resources/NetBeans/java/modules/ext/hibernate/hibernate-entitymanager-3.6.10.Final.jar:/Applications/NetBeans/NetBeans 7.4.app/Contents/Resources/NetBeans/java/modules/ext/hibernate/hibernate-tools-3.6.0.CR1.jar:/Applications/NetBeans/NetBeans 7.4.app/Contents/Resources/NetBeans/java/modules/ext/hibernate/javassist-3.12.0.GA.jar:/Applications/NetBeans/NetBeans 7.4.app/Contents/Resources/NetBeans/java/modules/ext/hibernate/c3p0-0.9.1.jar:/Applications/NetBeans/NetBeans 7.4.app/Contents/Resources/NetBeans/java/modules/ext/hibernate/oscache-2.1.jar:/Applications/NetBeans/NetBeans 7.4.app/Contents/Resources/NetBeans/java/modules/ext/hibernate/slf4j-api-1.6.1.jar:/Applications/NetBeans/NetBeans 7.4.app/Contents/Resources/NetBeans/java/modules/ext/hibernate/slf4j-simple-1.6.1.jar" />
    <property name="endorsed.classpath.cmd.line.arg" value="" />
    <property name="libs.eclipselinkmodelgen.javadoc" value="" />
    <property name="jar.index" value="false" />
    <property name="libs.spring-framework300.javadoc" value="" />
    <property name="libs.MySQLDriver.src" value="" />
    <property name="test.binaryincludes" value="&lt;nothing&gt;" />
    <property name="java.vm.version" value="24.45-b08" />
    <property name="libs.hibernate-persistence.classpath" value="/Applications/NetBeans/NetBeans 7.4.app/Contents/Resources/NetBeans/java/modules/ext/hibernate/antlr-2.7.6.jar:/Applications/NetBeans/NetBeans 7.4.app/Contents/Resources/NetBeans/java/modules/ext/hibernate/cglib-2.2.jar:/Applications/NetBeans/NetBeans 7.4.app/Contents/Resources/NetBeans/java/modules/ext/hibernate/commons-collections-3.1.jar:/Applications/NetBeans/NetBeans 7.4.app/Contents/Resources/NetBeans/java/modules/ext/hibernate/dom4j-1.6.1.jar:/Applications/NetBeans/NetBeans 7.4.app/Contents/Resources/NetBeans/java/modules/ext/hibernate/jta-1.1.jar:/Applications/NetBeans/NetBeans 7.4.app/Contents/Resources/NetBeans/java/modules/ext/hibernate/hibernate-core-3.6.10.Final.jar:/Applications/NetBeans/NetBeans 7.4.app/Contents/Resources/NetBeans/java/modules/ext/hibernate/hibernate-commons-annotations-3.2.0.Final.jar:/Applications/NetBeans/NetBeans 7.4.app/Contents/Resources/NetBeans/java/modules/ext/hibernate/hibernate-entitymanager-3.6.10.Final.jar:/Applications/NetBeans/NetBeans 7.4.app/Contents/Resources/NetBeans/java/modules/ext/hibernate/hibernate-tools-3.6.0.CR1.jar:/Applications/NetBeans/NetBeans 7.4.app/Contents/Resources/NetBeans/java/modules/ext/hibernate/javassist-3.12.0.GA.jar:/Applications/NetBeans/NetBeans 7.4.app/Contents/Resources/NetBeans/java/modules/ext/hibernate/c3p0-0.9.1.jar:/Applications/NetBeans/NetBeans 7.4.app/Contents/Resources/NetBeans/java/modules/ext/hibernate/oscache-2.1.jar:/Applications/NetBeans/NetBeans 7.4.app/Contents/Resources/NetBeans/java/modules/ext/hibernate/slf4j-api-1.6.1.jar:/Applications/NetBeans/NetBeans 7.4.app/Contents/Resources/NetBeans/java/modules/ext/hibernate/slf4j-simple-1.6.1.jar:/Applications/NetBeans/NetBeans 7.4.app/Contents/Resources/NetBeans/java/modules/ext/hibernate/hibernate-jpa-2.0-api-1.0.1.Final.jar" />
    <property name="java.class.path" value="/Users/sevabaskin/Dropbox/2nd Year/Java/CW2/CardGame/build/classes:/Applications/NetBeans/NetBeans 7.4.app/Contents/Resources/NetBeans/platform/modules/ext/junit-4.10.jar:/Users/sevabaskin/Dropbox/2nd Year/Java/CW2/CardGame/build/test/classes:/usr/share/java/ant-1.8.2/lib/ant-launcher.jar:/usr/share/ant/lib/ant.jar:/usr/share/ant/lib/ant-junit.jar:/usr/share/ant/lib/ant-junit4.jar" />
    <property name="annotation.processing.processor.options" value="" />
    <property name="ant.library.dir" value="/usr/share/ant/lib" />
    <property name="os.arch" value="x86_64" />
    <property name="javac.deprecation" value="false" />
    <property name="libs.jpa20-persistence.maven-pom" value="" />
    <property name="build.classes.excludes" value="**/*.java,**/*.form" />
    <property name="dist.dir" value="dist" />
    <property name="debug.classpath" value=":build/classes" />
    <property name="sun.java.launcher" value="SUN_STANDARD" />
    <property name="jar.index.metainf" value="false" />
    <property name="platform.java" value="/Library/Java/JavaVirtualMachines/jdk1.7.0_45.jdk/Contents/Home/jre/bin/java" />
    <property name="annotation.processing.enabled.in.editor" value="false" />
    <property name="ant.core.lib" value="/usr/share/ant/lib/ant.jar" />
    <property name="java.vm.specification.vendor" value="Oracle Corporation" />
    <property name="do.depend" value="false" />
    <property name="file.separator" value="/" />
    <property name="java.runtime.version" value="1.7.0_45-b18" />
    <property name="sun.boot.class.path" value="/Library/Java/JavaVirtualMachines/jdk1.7.0_45.jdk/Contents/Home/jre/lib/resources.jar:/Library/Java/JavaVirtualMachines/jdk1.7.0_45.jdk/Contents/Home/jre/lib/rt.jar:/Library/Java/JavaVirtualMachines/jdk1.7.0_45.jdk/Contents/Home/jre/lib/sunrsasign.jar:/Library/Java/JavaVirtualMachines/jdk1.7.0_45.jdk/Contents/Home/jre/lib/jsse.jar:/Library/Java/JavaVirtualMachines/jdk1.7.0_45.jdk/Contents/Home/jre/lib/jce.jar:/Library/Java/JavaVirtualMachines/jdk1.7.0_45.jdk/Contents/Home/jre/lib/charsets.jar:/Library/Java/JavaVirtualMachines/jdk1.7.0_45.jdk/Contents/Home/jre/lib/jfr.jar:/Library/Java/JavaVirtualMachines/jdk1.7.0_45.jdk/Contents/Home/jre/lib/JObjC.jar:/Library/Java/JavaVirtualMachines/jdk1.7.0_45.jdk/Contents/Home/jre/classes" />
    <property name="debug.test.classpath" value=":build/classes:/Applications/NetBeans/NetBeans 7.4.app/Contents/Resources/NetBeans/platform/modules/ext/junit-4.10.jar:build/test/classes" />
    <property name="nb.junit.batch" value="true" />
    <property name="ant.file.type.CardGame" value="file" />
    <property name="libs.beans-binding.classpath" value="/Applications/NetBeans/NetBeans 7.4.app/Contents/Resources/NetBeans/java/modules/ext/beansbinding-1.2.1.jar" />
    <property name="main.class" value="cardgame.CardGame" />
    <property name="have.tests" value="true" />
    <property name="libs.JWSAntTasks.maven-pom" value="" />
    <property name="libs.javac-api.classpath" value="/Applications/NetBeans/NetBeans 7.4.app/Contents/Resources/NetBeans/java/modules/ext/nb-javac-api.jar" />
    <property name="user.country" value="US" />
    <property name="javadoc.notree" value="false" />
    <property name="libs.spring-framework300.maven-pom" value="" />
    <property name="libs.jaxws21.javadoc" value="/Applications/NetBeans/NetBeans 7.4.app/Contents/Resources/NetBeans/java/docs/jaxws-api-doc.zip" />
    <property name="default.javac.target" value="1.7" />
    <property name="javadoc.additionalparam" value="" />
    <property name="javac.classpath" value="" />
    <property name="build.classes.dir" value="build/classes" />
    <property name="do.archive+manifest.available" value="true" />
    <property name="libs.swing-layout.javadoc" value="/Applications/NetBeans/NetBeans 7.4.app/Contents/Resources/NetBeans/platform/docs/swing-layout-1.0.4-doc.zip" />
    <property name="libs.swing-layout.src" value="/Applications/NetBeans/NetBeans 7.4.app/Contents/Resources/NetBeans/platform/docs/swing-layout-1.0.4-src.zip" />
    <property name="javac.target" value="1.7" />
    <property name="java.vendor" value="Oracle Corporation" />
    <property name="libs.eclipselink.classpath" value="/Applications/NetBeans/NetBeans 7.4.app/Contents/Resources/NetBeans/java/modules/ext/eclipselink/eclipselink.jar:/Applications/NetBeans/NetBeans 7.4.app/Contents/Resources/NetBeans/java/modules/ext/eclipselink/javax.persistence_2.1.0.v201304241213.jar:/Applications/NetBeans/NetBeans 7.4.app/Contents/Resources/NetBeans/java/modules/ext/eclipselink/org.eclipse.persistence.jpa.jpql_2.5.0.v20130507-3faac2b.jar" />
    <property name="runtime.encoding" value="UTF-8" />
    <property name="java.specification.version" value="1.7" />
    <property name="libs.JWSAntTasks.javadoc" value="" />
    <property name="sun.arch.data.model" value="64" />
    <property name="mkdist.disabled" value="false" />
  </properties>
  <testcase classname="cardgame.PlayerTest" name="initializationError" time="0.008">
    <error message="No runnable methods" type="java.lang.Exception">java.lang.Exception: No runnable methods
	at java.lang.reflect.Constructor.newInstance(Constructor.java:526)
</error>
  </testcase>
  <system-out><![CDATA[]]></system-out>
  <system-err><![CDATA[]]></system-err>
</testsuite>
